2022-10-03 09:54:22,595:Task exception was never retrieved
future: <Task finished name='Task-70' coro=<consumer() done, defined at C:\Users\salibagi\PycharmProjects\RemoteAccess\venv\lib\site-packages\aio_pika\queue.py:28> exception=TypeError('string indices must be integers')>
Traceback (most recent call last):
  File "C:\Users\salibagi\PycharmProjects\RemoteAccess\venv\lib\site-packages\aio_pika\queue.py", line 35, in consumer
    return await create_task(callback, message, loop=loop)
  File "C:\Users\salibagi\PycharmProjects\RemoteAccess\RabbitMQ\engines\receiver.py", line 29, in on_message
    for item in received_message:
TypeError: string indices must be integers
2022-10-03 09:55:26,708:Task exception was never retrieved
future: <Task finished name='Task-85' coro=<consumer() done, defined at C:\Users\salibagi\PycharmProjects\RemoteAccess\venv\lib\site-packages\aio_pika\queue.py:28> exception=TypeError('string indices must be integers')>
Traceback (most recent call last):
  File "C:\Users\salibagi\PycharmProjects\RemoteAccess\venv\lib\site-packages\aio_pika\queue.py", line 35, in consumer
    return await create_task(callback, message, loop=loop)
  File "C:\Users\salibagi\PycharmProjects\RemoteAccess\RabbitMQ\engines\receiver.py", line 29, in on_message
    for item in received_message:
TypeError: string indices must be integers
2022-10-03 10:01:48,793:1 validation error for OperationCommand
result
  Invalid result! (type=value_error)
2022-10-03 10:07:32,825:Task exception was never retrieved
future: <Task finished name='Task-93' coro=<consumer() done, defined at C:\Users\salibagi\PycharmProjects\RemoteAccess\venv\lib\site-packages\aio_pika\queue.py:28> exception=KeyError('SHIFT_NUM')>
Traceback (most recent call last):
  File "C:\Users\salibagi\PycharmProjects\RemoteAccess\venv\lib\site-packages\aio_pika\queue.py", line 35, in consumer
    return await create_task(callback, message, loop=loop)
  File "C:\Users\salibagi\PycharmProjects\RemoteAccess\RabbitMQ\engines\receiver.py", line 49, in on_message
    shift_num=item['SHIFT_NUM'],
KeyError: 'SHIFT_NUM'
